2023-02-26 11:41:49.139 [info] Extension host with pid 8304 started
2023-02-26 11:41:49.168 [info] ExtensionService#_doActivateExtension vscode.emmet, startup: false, activationEvent: 'onLanguage'
2023-02-26 11:41:49.188 [info] ExtensionService#_doActivateExtension vscode.git-base, startup: true, activationEvent: '*', root cause: vscode.git
2023-02-26 11:41:49.229 [info] ExtensionService#_doActivateExtension vscode.git, startup: true, activationEvent: '*'
2023-02-26 11:41:49.308 [info] ExtensionService#_doActivateExtension vscode.github, startup: true, activationEvent: '*'
2023-02-26 11:41:49.418 [info] Eager extensions activated
2023-02-26 11:41:49.480 [info] ExtensionService#_doActivateExtension vscode.github-authentication, startup: false, activationEvent: 'onAuthenticationRequest:github'
2023-02-26 11:41:49.535 [info] ExtensionService#_doActivateExtension vscode.debug-auto-launch, startup: false, activationEvent: 'onStartupFinished'
2023-02-26 11:41:49.540 [info] ExtensionService#_doActivateExtension vscode.merge-conflict, startup: false, activationEvent: 'onStartupFinished'
2023-02-26 11:41:49.572 [info] ExtensionService#_doActivateExtension ms-vscode-remote.remote-wsl-recommender, startup: false, activationEvent: 'onStartupFinished'
2023-02-26 11:41:49.608 [info] ExtensionService#_doActivateExtension Gruntfuggly.todo-tree, startup: false, activationEvent: 'onStartupFinished'
2023-02-26 11:41:49.644 [info] ExtensionService#_doActivateExtension ritwickdey.LiveServer, startup: false, activationEvent: 'onStartupFinished'
2023-02-26 11:41:49.663 [info] ExtensionService#_doActivateExtension streetsidesoftware.code-spell-checker, startup: false, activationEvent: 'onStartupFinished'
2023-02-26 11:41:49.882 [info] ExtensionService#_doActivateExtension vscode.microsoft-authentication, startup: false, activationEvent: 'onAuthenticationRequest:microsoft'
2023-02-26 11:42:45.490 [info] Extension host terminating: renderer closed the MessagePort
2023-02-26 11:42:45.496 [error] An error occurred when deactivating the subscriptions for extension 'Gruntfuggly.todo-tree':
2023-02-26 11:42:45.499 [error] AggregateError: Encountered errors while disposing of store
	at T (d:\Users\ultra\AppData\Local\Programs\Microsoft VS Code\resources\app\out\vs\workbench\api\node\extensionHostProcess.js:10:12148)
	at f.X (d:\Users\ultra\AppData\Local\Programs\Microsoft VS Code\resources\app\out\vs\workbench\api\node\extensionHostProcess.js:108:11242)
	at d:\Users\ultra\AppData\Local\Programs\Microsoft VS Code\resources\app\out\vs\workbench\api\node\extensionHostProcess.js:108:9037
	at Array.map (<anonymous>)
	at f.Q (d:\Users\ultra\AppData\Local\Programs\Microsoft VS Code\resources\app\out\vs\workbench\api\node\extensionHostProcess.js:108:9024)
	at f.terminate (d:\Users\ultra\AppData\Local\Programs\Microsoft VS Code\resources\app\out\vs\workbench\api\node\extensionHostProcess.js:108:9298)
	at h.terminate (d:\Users\ultra\AppData\Local\Programs\Microsoft VS Code\resources\app\out\vs\workbench\api\node\extensionHostProcess.js:112:1397)
	at p (d:\Users\ultra\AppData\Local\Programs\Microsoft VS Code\resources\app\out\vs\workbench\api\node\extensionHostProcess.js:122:17851)
	at MessagePortMain.<anonymous> (d:\Users\ultra\AppData\Local\Programs\Microsoft VS Code\resources\app\out\vs\workbench\api\node\extensionHostProcess.js:122:13990)
	at MessagePortMain.emit (node:events:526:28)
	at MessagePortMain._internalPort.emit (node:electron/js2c/utility_init:5:364)
2023-02-26 11:42:45.503 [info] Extension host with pid 8304 exiting with code 0
2023-02-26 11:42:46.542 [info] Extension host with pid 41784 started
2023-02-26 11:42:46.543 [info] Skipping acquiring lock for \\wsl.localhost\Ubuntu\home\oqzn\Documents\rails_docker\src\~\.vscode-root\User\workspaceStorage\b68be4dcaa002ffc9b2f4fea78e9fb4c.
2023-02-26 11:42:46.635 [info] ExtensionService#_doActivateExtension vscode.emmet, startup: false, activationEvent: 'onLanguage'
2023-02-26 11:42:46.647 [info] ExtensionService#_doActivateExtension vscode.github-authentication, startup: false, activationEvent: 'onAuthenticationRequest:github'
2023-02-26 11:42:46.678 [info] ExtensionService#_doActivateExtension vscode.git-base, startup: true, activationEvent: '*'
2023-02-26 11:42:46.685 [info] ExtensionService#_doActivateExtension vscode.npm, startup: true, activationEvent: 'workspaceContains:package.json'
2023-02-26 11:42:46.739 [info] ExtensionService#_doActivateExtension vscode.github, startup: true, activationEvent: '*'
2023-02-26 11:42:46.756 [info] ExtensionService#_doActivateExtension vscode.microsoft-authentication, startup: false, activationEvent: 'onAuthenticationRequest:microsoft'
2023-02-26 11:42:46.973 [info] Eager extensions activated
2023-02-26 11:42:46.981 [info] ExtensionService#_doActivateExtension vscode.debug-auto-launch, startup: false, activationEvent: 'onStartupFinished'
2023-02-26 11:42:46.988 [info] ExtensionService#_doActivateExtension vscode.merge-conflict, startup: false, activationEvent: 'onStartupFinished'
2023-02-26 11:42:47.002 [info] ExtensionService#_doActivateExtension ms-vscode-remote.remote-wsl-recommender, startup: false, activationEvent: 'onStartupFinished'
2023-02-26 11:42:48.976 [info] ExtensionService#_doActivateExtension vscode.git, startup: false, activationEvent: 'api', root cause: vscode.github
2023-02-26 11:42:49.011 [info] ExtensionService#_doActivateExtension Gruntfuggly.todo-tree, startup: false, activationEvent: 'onStartupFinished'
2023-02-26 11:42:49.034 [info] ExtensionService#_doActivateExtension ritwickdey.LiveServer, startup: false, activationEvent: 'onStartupFinished'
2023-02-26 11:42:49.063 [info] ExtensionService#_doActivateExtension streetsidesoftware.code-spell-checker, startup: false, activationEvent: 'onStartupFinished'
2023-02-26 11:43:24.946 [info] Extension host terminating: renderer closed the MessagePort
2023-02-26 11:43:24.951 [error] An error occurred when deactivating the subscriptions for extension 'Gruntfuggly.todo-tree':
2023-02-26 11:43:24.952 [error] AggregateError: Encountered errors while disposing of store
	at T (d:\Users\ultra\AppData\Local\Programs\Microsoft VS Code\resources\app\out\vs\workbench\api\node\extensionHostProcess.js:10:12148)
	at f.X (d:\Users\ultra\AppData\Local\Programs\Microsoft VS Code\resources\app\out\vs\workbench\api\node\extensionHostProcess.js:108:11242)
	at d:\Users\ultra\AppData\Local\Programs\Microsoft VS Code\resources\app\out\vs\workbench\api\node\extensionHostProcess.js:108:9037
	at Array.map (<anonymous>)
	at f.Q (d:\Users\ultra\AppData\Local\Programs\Microsoft VS Code\resources\app\out\vs\workbench\api\node\extensionHostProcess.js:108:9024)
	at f.terminate (d:\Users\ultra\AppData\Local\Programs\Microsoft VS Code\resources\app\out\vs\workbench\api\node\extensionHostProcess.js:108:9298)
	at h.terminate (d:\Users\ultra\AppData\Local\Programs\Microsoft VS Code\resources\app\out\vs\workbench\api\node\extensionHostProcess.js:112:1397)
	at p (d:\Users\ultra\AppData\Local\Programs\Microsoft VS Code\resources\app\out\vs\workbench\api\node\extensionHostProcess.js:122:17851)
	at MessagePortMain.<anonymous> (d:\Users\ultra\AppData\Local\Programs\Microsoft VS Code\resources\app\out\vs\workbench\api\node\extensionHostProcess.js:122:13990)
	at MessagePortMain.emit (node:events:526:28)
	at MessagePortMain._internalPort.emit (node:electron/js2c/utility_init:5:364)
2023-02-26 11:43:24.954 [info] Extension host with pid 41784 exiting with code 0
