2023-02-26 11:41:49.875 [info] Reading sessions from keychain...
2023-02-26 11:41:49.876 [info] Got stored sessions!
2023-02-26 11:41:49.876 [info] Got 1 verified sessions.
2023-02-26 11:41:49.877 [info] Getting sessions for all scopes...
2023-02-26 11:41:49.877 [info] Got 1 sessions for ...
2023-02-26 11:41:49.877 [info] Getting sessions for user:email...
2023-02-26 11:41:49.878 [info] Got 1 sessions for user:email...
2023-02-26 11:41:50.391 [info] Getting sessions for all scopes...
2023-02-26 11:41:50.392 [info] Got 1 sessions for ...
2023-02-26 11:41:51.653 [info] Getting user info...
2023-02-26 11:41:51.887 [info] Got account info!
2023-02-26 11:41:56.157 [info] Getting sessions for all scopes...
2023-02-26 11:41:56.158 [info] Got 1 sessions for ...
2023-02-26 11:42:46.788 [info] Reading sessions from keychain...
2023-02-26 11:42:46.789 [info] Getting sessions for all scopes...
2023-02-26 11:42:46.789 [info] Getting sessions for user:email...
2023-02-26 11:42:46.789 [info] Got stored sessions!
2023-02-26 11:42:46.790 [info] Got 1 verified sessions.
2023-02-26 11:42:46.790 [info] Got 1 sessions for ...
2023-02-26 11:42:46.791 [info] Got 1 sessions for user:email...
2023-02-26 11:42:47.224 [info] Getting sessions for all scopes...
2023-02-26 11:42:47.225 [info] Got 1 sessions for ...
2023-02-26 11:42:48.588 [info] Getting user info...
2023-02-26 11:42:48.841 [info] Got account info!
