2023-02-26 11:41:49.941 [info] Reading sessions from secret storage...
2023-02-26 11:41:49.942 [info] Got 1 stored sessions
2023-02-26 11:41:49.942 [info] Refreshing token for scopes: email offline_access openid profile
2023-02-26 11:41:50.386 [info] Setting token for scopes: email offline_access openid profile
2023-02-26 11:41:50.386 [info] Token refresh success for scopes: email offline_access openid profile
2023-02-26 11:41:50.387 [info] Stored token for scopes: email offline_access openid profile
2023-02-26 11:41:50.388 [info] Getting sessions for the following scopes: email offline_access openid profile
2023-02-26 11:41:50.389 [info] Got 1 sessions for scopes: email offline_access openid profile
2023-02-26 11:41:50.389 [info] Token available from cache (for scopes email offline_access openid profile), expires in 4281997 milliseconds
2023-02-26 11:41:56.159 [info] Getting sessions for all scopes...
2023-02-26 11:41:56.159 [info] Got 1 sessions for all scopes...
2023-02-26 11:42:46.802 [info] Reading sessions from secret storage...
2023-02-26 11:42:46.804 [info] Got 1 stored sessions
2023-02-26 11:42:46.804 [info] Refreshing token for scopes: email offline_access openid profile
2023-02-26 11:42:47.216 [info] Setting token for scopes: email offline_access openid profile
2023-02-26 11:42:47.216 [info] Token refresh success for scopes: email offline_access openid profile
2023-02-26 11:42:47.217 [info] Stored token for scopes: email offline_access openid profile
2023-02-26 11:42:47.219 [info] Getting sessions for the following scopes: email offline_access openid profile
2023-02-26 11:42:47.219 [info] Got 1 sessions for scopes: email offline_access openid profile
2023-02-26 11:42:47.220 [info] Token available from cache (for scopes email offline_access openid profile), expires in 3810997 milliseconds
