2023-02-26 11:41:05.837 [info] Extension host with pid 28184 started
2023-02-26 11:41:05.894 [info] ExtensionService#_doActivateExtension vscode.emmet, startup: false, activationEvent: 'onLanguage'
2023-02-26 11:41:05.914 [info] ExtensionService#_doActivateExtension vscode.git-base, startup: true, activationEvent: '*', root cause: vscode.git
2023-02-26 11:41:05.936 [info] ExtensionService#_doActivateExtension vscode.git, startup: true, activationEvent: '*'
2023-02-26 11:41:06.012 [info] ExtensionService#_doActivateExtension vscode.github, startup: true, activationEvent: '*'
2023-02-26 11:41:06.213 [info] Eager extensions activated
2023-02-26 11:41:06.229 [info] ExtensionService#_doActivateExtension vscode.github-authentication, startup: false, activationEvent: 'onAuthenticationRequest:github'
2023-02-26 11:41:06.272 [info] ExtensionService#_doActivateExtension vscode.debug-auto-launch, startup: false, activationEvent: 'onStartupFinished'
2023-02-26 11:41:06.277 [info] ExtensionService#_doActivateExtension vscode.merge-conflict, startup: false, activationEvent: 'onStartupFinished'
2023-02-26 11:41:06.304 [info] ExtensionService#_doActivateExtension ms-vscode-remote.remote-wsl-recommender, startup: false, activationEvent: 'onStartupFinished'
2023-02-26 11:41:06.339 [info] ExtensionService#_doActivateExtension Gruntfuggly.todo-tree, startup: false, activationEvent: 'onStartupFinished'
2023-02-26 11:41:06.372 [info] ExtensionService#_doActivateExtension ritwickdey.LiveServer, startup: false, activationEvent: 'onStartupFinished'
2023-02-26 11:41:06.390 [info] ExtensionService#_doActivateExtension streetsidesoftware.code-spell-checker, startup: false, activationEvent: 'onStartupFinished'
2023-02-26 11:41:06.590 [info] ExtensionService#_doActivateExtension vscode.microsoft-authentication, startup: false, activationEvent: 'onAuthenticationRequest:microsoft'
2023-02-26 11:41:21.117 [info] Extension host terminating: renderer closed the MessagePort
2023-02-26 11:41:21.123 [error] An error occurred when deactivating the subscriptions for extension 'Gruntfuggly.todo-tree':
2023-02-26 11:41:21.127 [error] AggregateError: Encountered errors while disposing of store
	at T (d:\Users\ultra\AppData\Local\Programs\Microsoft VS Code\resources\app\out\vs\workbench\api\node\extensionHostProcess.js:10:12148)
	at f.X (d:\Users\ultra\AppData\Local\Programs\Microsoft VS Code\resources\app\out\vs\workbench\api\node\extensionHostProcess.js:108:11242)
	at d:\Users\ultra\AppData\Local\Programs\Microsoft VS Code\resources\app\out\vs\workbench\api\node\extensionHostProcess.js:108:9037
	at Array.map (<anonymous>)
	at f.Q (d:\Users\ultra\AppData\Local\Programs\Microsoft VS Code\resources\app\out\vs\workbench\api\node\extensionHostProcess.js:108:9024)
	at f.terminate (d:\Users\ultra\AppData\Local\Programs\Microsoft VS Code\resources\app\out\vs\workbench\api\node\extensionHostProcess.js:108:9298)
	at h.terminate (d:\Users\ultra\AppData\Local\Programs\Microsoft VS Code\resources\app\out\vs\workbench\api\node\extensionHostProcess.js:112:1397)
	at p (d:\Users\ultra\AppData\Local\Programs\Microsoft VS Code\resources\app\out\vs\workbench\api\node\extensionHostProcess.js:122:17851)
	at MessagePortMain.<anonymous> (d:\Users\ultra\AppData\Local\Programs\Microsoft VS Code\resources\app\out\vs\workbench\api\node\extensionHostProcess.js:122:13990)
	at MessagePortMain.emit (node:events:526:28)
	at MessagePortMain._internalPort.emit (node:electron/js2c/utility_init:5:364)
2023-02-26 11:41:21.129 [info] Extension host with pid 28184 exiting with code 0
