2023-02-26 11:41:48.651 [info] Added views:workbench.panel.markers.view in workbench.panel.markers
2023-02-26 11:41:48.651 [info] Added views:workbench.panel.output in workbench.panel.output
2023-02-26 11:41:48.652 [info] Added views:terminal in terminal
2023-02-26 11:41:48.652 [info] Added views:outline in workbench.view.explorer
2023-02-26 11:41:48.653 [info] Added views:workbench.scm in workbench.view.scm
2023-02-26 11:41:48.653 [info] Added views:workbench.view.search in workbench.view.search
2023-02-26 11:41:48.653 [info] Added views:timeline in workbench.view.explorer
2023-02-26 11:41:48.654 [info] Added views:workbench.explorer.emptyView in workbench.view.explorer
2023-02-26 11:41:49.016 [info] Added views:todo-tree-view in workbench.view.extension.todo-tree-container
2023-02-26 11:41:49.017 [info] Added views:dockerContainers,dockerImages,dockerRegistries,dockerNetworks,dockerVolumes,vscode-docker.views.dockerContexts,vscode-docker.views.help in workbench.view.extension.dockerView
2023-02-26 11:41:49.111 [info] Added views:workbench.debug.variablesView,workbench.debug.watchExpressionsView,workbench.debug.callStackView,workbench.debug.breakPointsView in workbench.view.debug
2023-02-26 11:41:49.173 [info] Added views:workbench.panel.repl.view in workbench.panel.repl
2023-02-26 11:41:49.174 [info] Removed views:workbench.debug.breakPointsView,workbench.debug.callStackView,workbench.debug.watchExpressionsView,workbench.debug.variablesView from workbench.view.debug
2023-02-26 11:41:49.175 [info] Added views:workbench.debug.welcome in workbench.view.debug
2023-02-26 11:42:46.005 [info] Added views:workbench.panel.markers.view in workbench.panel.markers
2023-02-26 11:42:46.006 [info] Added views:workbench.panel.output in workbench.panel.output
2023-02-26 11:42:46.007 [info] Added views:terminal in terminal
2023-02-26 11:42:46.007 [info] Added views:outline in workbench.view.explorer
2023-02-26 11:42:46.007 [info] Added views:workbench.scm in workbench.view.scm
2023-02-26 11:42:46.008 [info] Added views:workbench.view.search in workbench.view.search
2023-02-26 11:42:46.008 [info] Added views:timeline in workbench.view.explorer
2023-02-26 11:42:46.009 [info] Added views:workbench.explorer.fileView in workbench.view.explorer
2023-02-26 11:42:46.158 [info] Added views:dockerContainers,dockerImages,dockerRegistries,dockerNetworks,dockerVolumes,vscode-docker.views.dockerContexts,vscode-docker.views.help in workbench.view.extension.dockerView
2023-02-26 11:42:46.279 [info] Added views:workbench.debug.variablesView,workbench.debug.watchExpressionsView,workbench.debug.callStackView,workbench.debug.breakPointsView in workbench.view.debug
2023-02-26 11:42:46.628 [info] Added views:workbench.panel.repl.view in workbench.panel.repl
2023-02-26 11:42:46.629 [info] Removed views:workbench.debug.breakPointsView,workbench.debug.callStackView,workbench.debug.watchExpressionsView,workbench.debug.variablesView from workbench.view.debug
2023-02-26 11:42:46.630 [info] Added views:workbench.debug.welcome in workbench.view.debug
2023-02-26 11:42:48.955 [info] Added views:todo-tree-view in workbench.view.extension.todo-tree-container
